Feb 13 18:07:02 3dr_solo local1.info pix: pixhawk.py starting
Feb 13 18:07:02 3dr_solo local1.info pix: checking baud...
Feb 13 18:07:03 3dr_solo local1.info pix: found at 921600
Feb 13 18:07:03 3dr_solo local1.info pix: Status Text: STATUSTEXT {severity : 6, text : ArduCopter V4.0.1 (61f191de)}
Feb 13 18:07:03 3dr_solo local1.warn pix: firmware is not specifically for solo
Feb 13 18:07:03 3dr_solo local1.info pix: build version received in 0.009 sec
Feb 13 18:07:03 3dr_solo local1.info pix: build version build=4.0.1 ardupilot=61f191d
Feb 13 18:07:03 3dr_solo local1.info pix: {'ardupilot_git_hash': '61f191d\x00', 'build_version': '4.0.1', 'px4_git_hash': '\x00\x00\x00\x00\x00\x00\x00\x00', 'nuttx_git_hash': 'cb42c85\x00'}
Feb 13 18:07:03 3dr_solo local1.info pix: now running:
Feb 13 18:07:03 3dr_solo local1.info pix: build_version        4.0.1
Feb 13 18:07:03 3dr_solo local1.info pix: ardupilot_git_hash   61f191d
Feb 13 18:07:03 3dr_solo local1.info pix: px4_git_hash         
Feb 13 18:07:03 3dr_solo local1.info pix: nuttx_git_hash       cb42c85
Feb 13 18:07:03 3dr_solo local1.info pix: pixhawk status: ready
Feb 13 18:07:03 3dr_solo local1.info pix: Not on recovery partition
Feb 13 18:07:03 3dr_solo local1.info pix: No firmware file found
Feb 13 18:07:03 3dr_solo local1.info pix: pixhawk.py finished
Feb 13 18:07:10 3dr_solo local1.info unlock: built Jan 26 2020 18:40:01
Feb 13 18:07:10 3dr_solo local1.info unlock: rc is not locked
Feb 13 18:07:10 3dr_solo local1.info pair: pair_solo.py starting
Feb 13 18:07:10 3dr_solo local1.info pair: using default check_versions=True
Feb 13 18:07:10 3dr_solo local1.info pair: sololink version "4.0.0"
Feb 13 18:07:10 3dr_solo local1.info pair: firmware version "4.0.1"
Feb 13 18:07:10 3dr_solo local1.info pair: pairing using wlan0
Feb 13 18:07:10 3dr_solo local1.info pair: waiting for pairing button
Feb 13 18:07:20 3dr_solo local1.info pair: pin pair...
Feb 13 18:07:25 3dr_solo local1.info pair: pin pair successful
Feb 13 18:07:25 3dr_solo local1.info pair: bringing up network...
Feb 13 18:07:28 3dr_solo local1.info pair: ip address 10.1.1.10 netmask 255.255.255.0
Feb 13 18:07:28 3dr_solo local1.info pair: network is up
Feb 13 18:07:28 3dr_solo local1.info pair: establishing connection...
Feb 13 18:07:28 3dr_solo local1.info pair: controller version "4.0.0"; firmware "OpenSolo-4.0.0"
Feb 13 18:07:28 3dr_solo local1.info pair: switching to runlevel.READY
Feb 13 18:07:28 3dr_solo local1.info dl: dataflash_logger starting: built Jan 26 2020 18:39:35
Feb 13 18:07:28 3dr_solo local1.info dl: df-tfc: connecting to telem-forwarder at 10.1.1.10:14560
