Sun Feb 13 18:07:28 UTC 2022
>>> ArduCopter V4.0.1 (61f191de)
>>> ChibiOS: cb42c858
>>> CubeSolo 004D0030 31355101 36333436
>>> Frame: QUAD
>>> ArduCopter V4.0.1 (61f191de)
>>> ChibiOS: cb42c858
>>> CubeSolo 004D0030 31355101 36333436
>>> Frame: QUAD
>>> ArduCopter V4.0.1 (61f191de)
>>> ChibiOS: cb42c858
>>> CubeSolo 004D0030 31355101 36333436
>>> Frame: QUAD
>>> ArduCopter V4.0.1 (61f191de)
>>> ChibiOS: cb42c858
>>> CubeSolo 004D0030 31355101 36333436
>>> Frame: QUAD
>>> PreArm: EKF3 still initialising
>>> No ap_message for mavlink id (271)
>>> PreArm: EKF3 still initialising
>>> ArduCopter V4.0.1 (61f191de)
>>> ChibiOS: cb42c858
>>> CubeSolo 004D0030 31355101 36333436
>>> Frame: QUAD
>>> PreArm: EKF3 still initialising
